# JRE version: Java(TM) SE Runtime Environment (8.0_66-b17) (build 1.8.0_66-b17)
# Java VM: Java HotSpot(TM) 64-Bit Server VM (25.66-b17 mixed mode linux-amd64 compressed oops)
Heap:
 PSYoungGen      total 258560K, used 452K [0x00000000d6f80000, 0x00000000e7080000, 0x0000000100000000)
  eden space 253952K, 0% used [0x00000000d6f80000,0x00000000d6f80000,0x00000000e6780000)
  from space 4608K, 9% used [0x00000000e6780000,0x00000000e67f1278,0x00000000e6c00000)
  to   space 4608K, 0% used [0x00000000e6c00000,0x00000000e6c00000,0x00000000e7080000)
 ParOldGen       total 84992K, used 4382K [0x0000000084e00000, 0x000000008a100000, 0x00000000d6f80000)
  object space 84992K, 5% used [0x0000000084e00000,0x00000000852478d8,0x000000008a100000)
 Metaspace       used 10233K, capacity 10368K, committed 10496K, reserved 1058816K
  class space    used 1117K, capacity 1191K, committed 1280K, reserved 1048576K
GC Heap History (10 events):
Event: 0.539 GC heap after
Heap after GC invocations=2 (full 0):
 PSYoungGen      total 68608K, used 3286K [0x00000000d6f80000, 0x00000000db780000, 0x0000000100000000)
  eden space 63488K, 0% used [0x00000000d6f80000,0x00000000d6f80000,0x00000000dad80000)
  from space 5120K, 64% used [0x00000000db280000,0x00000000db5b5820,0x00000000db780000)
  to   space 5120K, 0% used [0x00000000dad80000,0x00000000dad80000,0x00000000db280000)
 ParOldGen       total 84992K, used 16K [0x0000000084e00000, 0x000000008a100000, 0x00000000d6f80000)
  object space 84992K, 0% used [0x0000000084e00000,0x0000000084e04048,0x000000008a100000)
 Metaspace       used 9917K, capacity 10100K, committed 10240K, reserved 1058816K
  class space    used 1117K, capacity 1191K, committed 1280K, reserved 1048576K
}
Event: 0.644 GC heap before
{Heap before GC invocations=3 (full 0):
 PSYoungGen      total 68608K, used 66774K [0x00000000d6f80000, 0x00000000db780000, 0x0000000100000000)
  eden space 63488K, 100% used [0x00000000d6f80000,0x00000000dad80000,0x00000000dad80000)
  from space 5120K, 64% used [0x00000000db280000,0x00000000db5b5820,0x00000000db780000)
  to   space 5120K, 0% used [0x00000000dad80000,0x00000000dad80000,0x00000000db280000)
 ParOldGen       total 84992K, used 17K [0x0000000084e00000, 0x000000008a100000, 0x00000000d6f80000)
  object space 84992K, 0% used [0x0000000084e00000,0x0000000084e04668,0x000000008a100000)
 Metaspace       used 9988K, capacity 10164K, committed 10496K, reserved 1058816K
  class space    used 1117K, capacity 1191K, committed 1280K, reserved 1048576K
Event: 0.653 GC heap after
Heap after GC invocations=3 (full 0):
 PSYoungGen      total 68608K, used 4852K [0x00000000d6f80000, 0x00000000df580000, 0x0000000100000000)
  eden space 63488K, 0% used [0x00000000d6f80000,0x00000000d6f80000,0x00000000dad80000)
  from space 5120K, 94% used [0x00000000dad80000,0x00000000db23d1d8,0x00000000db280000)
  to   space 5120K, 0% used [0x00000000df080000,0x00000000df080000,0x00000000df580000)
 ParOldGen       total 84992K, used 1375K [0x0000000084e00000, 0x000000008a100000, 0x00000000d6f80000)
  object space 84992K, 1% used [0x0000000084e00000,0x0000000084f57e78,0x000000008a100000)
 Metaspace       used 9988K, capacity 10164K, committed 10496K, reserved 1058816K
  class space    used 1117K, capacity 1191K, committed 1280K, reserved 1048576K
}
Event: 0.719 GC heap before
{Heap before GC invocations=4 (full 0):
 PSYoungGen      total 68608K, used 68340K [0x00000000d6f80000, 0x00000000df580000, 0x0000000100000000)
  eden space 63488K, 100% used [0x00000000d6f80000,0x00000000dad80000,0x00000000dad80000)
  from space 5120K, 94% used [0x00000000dad80000,0x00000000db23d1d8,0x00000000db280000)
  to   space 5120K, 0% used [0x00000000df080000,0x00000000df080000,0x00000000df580000)
 ParOldGen       total 84992K, used 1375K [0x0000000084e00000, 0x000000008a100000, 0x00000000d6f80000)
  object space 84992K, 1% used [0x0000000084e00000,0x0000000084f57e78,0x000000008a100000)
 Metaspace       used 10047K, capacity 10236K, committed 10496K, reserved 1058816K
  class space    used 1117K, capacity 1191K, committed 1280K, reserved 1048576K
Event: 0.724 GC heap after
Heap after GC invocations=4 (full 0):
 PSYoungGen      total 132096K, used 3536K [0x00000000d6f80000, 0x00000000df580000, 0x0000000100000000)
  eden space 126976K, 0% used [0x00000000d6f80000,0x00000000d6f80000,0x00000000deb80000)
  from space 5120K, 69% used [0x00000000df080000,0x00000000df3f41d8,0x00000000df580000)
  to   space 5120K, 0% used [0x00000000deb80000,0x00000000deb80000,0x00000000df080000)
 ParOldGen       total 84992K, used 1383K [0x0000000084e00000, 0x000000008a100000, 0x00000000d6f80000)
  object space 84992K, 1% used [0x0000000084e00000,0x0000000084f59e78,0x000000008a100000)
 Metaspace       used 10047K, capacity 10236K, committed 10496K, reserved 1058816K
  class space    used 1117K, capacity 1191K, committed 1280K, reserved 1048576K
}
Event: 0.879 GC heap before
{Heap before GC invocations=5 (full 0):
 PSYoungGen      total 132096K, used 130512K [0x00000000d6f80000, 0x00000000df580000, 0x0000000100000000)
  eden space 126976K, 100% used [0x00000000d6f80000,0x00000000deb80000,0x00000000deb80000)
  from space 5120K, 69% used [0x00000000df080000,0x00000000df3f41d8,0x00000000df580000)
  to   space 5120K, 0% used [0x00000000deb80000,0x00000000deb80000,0x00000000df080000)
 ParOldGen       total 84992K, used 1383K [0x0000000084e00000, 0x000000008a100000, 0x00000000d6f80000)
  object space 84992K, 1% used [0x0000000084e00000,0x0000000084f59e78,0x000000008a100000)
 Metaspace       used 10088K, capacity 10236K, committed 10496K, reserved 1058816K
  class space    used 1117K, capacity 1191K, committed 1280K, reserved 1048576K
Event: 0.886 GC heap after
Heap after GC invocations=5 (full 0):
 PSYoungGen      total 132096K, used 3516K [0x00000000d6f80000, 0x00000000e7080000, 0x0000000100000000)
  eden space 126976K, 0% used [0x00000000d6f80000,0x00000000d6f80000,0x00000000deb80000)
  from space 5120K, 68% used [0x00000000deb80000,0x00000000deeef2c8,0x00000000df080000)
  to   space 4608K, 0% used [0x00000000e6c00000,0x00000000e6c00000,0x00000000e7080000)
 ParOldGen       total 84992K, used 1391K [0x0000000084e00000, 0x000000008a100000, 0x00000000d6f80000)
  object space 84992K, 1% used [0x0000000084e00000,0x0000000084f5be78,0x000000008a100000)
 Metaspace       used 10088K, capacity 10236K, committed 10496K, reserved 1058816K
  class space    used 1117K, capacity 1191K, committed 1280K, reserved 1048576K
}
Event: 1.011 GC heap before
{Heap before GC invocations=6 (full 0):
 PSYoungGen      total 132096K, used 130492K [0x00000000d6f80000, 0x00000000e7080000, 0x0000000100000000)
  eden space 126976K, 100% used [0x00000000d6f80000,0x00000000deb80000,0x00000000deb80000)
  from space 5120K, 68% used [0x00000000deb80000,0x00000000deeef2c8,0x00000000df080000)
  to   space 4608K, 0% used [0x00000000e6c00000,0x00000000e6c00000,0x00000000e7080000)
 ParOldGen       total 84992K, used 1391K [0x0000000084e00000, 0x000000008a100000, 0x00000000d6f80000)
  object space 84992K, 1% used [0x0000000084e00000,0x0000000084f5be78,0x000000008a100000)
 Metaspace       used 10163K, capacity 10304K, committed 10496K, reserved 1058816K
  class space    used 1117K, capacity 1191K, committed 1280K, reserved 1048576K
Event: 1.020 GC heap after
Heap after GC invocations=6 (full 0):
 PSYoungGen      total 258560K, used 3580K [0x00000000d6f80000, 0x00000000e7080000, 0x0000000100000000)
  eden space 253952K, 0% used [0x00000000d6f80000,0x00000000d6f80000,0x00000000e6780000)
  from space 4608K, 77% used [0x00000000e6c00000,0x00000000e6f7f2c8,0x00000000e7080000)
  to   space 4608K, 0% used [0x00000000e6780000,0x00000000e6780000,0x00000000e6c00000)
 ParOldGen       total 84992K, used 1399K [0x0000000084e00000, 0x000000008a100000, 0x00000000d6f80000)
  object space 84992K, 1% used [0x0000000084e00000,0x0000000084f5de78,0x000000008a100000)
 Metaspace       used 10163K, capacity 10304K, committed 10496K, reserved 1058816K
  class space    used 1117K, capacity 1191K, committed 1280K, reserved 1048576K
}
Event: 1.380 GC heap before
{Heap before GC invocations=7 (full 0):
 PSYoungGen      total 258560K, used 257532K [0x00000000d6f80000, 0x00000000e7080000, 0x0000000100000000)
  eden space 253952K, 100% used [0x00000000d6f80000,0x00000000e6780000,0x00000000e6780000)
  from space 4608K, 77% used [0x00000000e6c00000,0x00000000e6f7f2c8,0x00000000e7080000)
  to   space 4608K, 0% used [0x00000000e6780000,0x00000000e6780000,0x00000000e6c00000)
 ParOldGen       total 84992K, used 1399K [0x0000000084e00000, 0x000000008a100000, 0x00000000d6f80000)
  object space 84992K, 1% used [0x0000000084e00000,0x0000000084f5de78,0x000000008a100000)
 Metaspace       used 10233K, capacity 10368K, committed 10496K, reserved 1058816K
  class space    used 1117K, capacity 1191K, committed 1280K, reserved 1048576K

